SF:lib/data/data_sources/graphql_data_source.dart
DA:12,1
DA:14,1
DA:17,1
DA:20,1
DA:21,0
DA:23,2
DA:24,1
DA:25,1
DA:28,1
DA:31,1
DA:35,1
DA:37,1
DA:38,2
DA:39,1
DA:43,0
DA:44,0
DA:48,1
DA:50,1
DA:51,1
DA:52,1
DA:55,5
DA:58,1
DA:59,2
DA:63,2
DA:64,3
DA:67,1
DA:73,1
DA:75,1
DA:77,2
DA:79,2
DA:81,1
DA:84,2
DA:86,1
DA:89,1
DA:92,1
DA:95,1
DA:97,1
DA:99,5
DA:100,2
DA:103,1
DA:111,1
LF:41
LH:38
end_of_record
SF:lib/data/models/cache_pokemon_model.dart
DA:13,2
DA:22,1
DA:30,1
DA:31,1
DA:32,1
DA:33,1
DA:34,1
DA:35,1
DA:36,1
DA:40,1
DA:41,1
DA:42,5
DA:43,1
DA:44,1
DA:45,1
DA:46,1
DA:47,1
DA:51,1
DA:52,1
DA:53,5
DA:54,2
DA:55,1
DA:56,1
DA:57,1
DA:58,1
DA:62,0
DA:64,0
DA:67,1
DA:68,7
DA:72,2
DA:80,0
DA:84,0
DA:85,0
DA:86,0
DA:90,1
DA:91,1
DA:92,1
DA:93,1
DA:97,1
DA:98,1
DA:99,1
DA:100,2
DA:104,0
DA:106,0
DA:108,0
DA:109,0
DA:111,1
DA:112,3
LF:48
LH:38
end_of_record
SF:lib/data/models/pokemon_model.dart
DA:8,1
DA:10,2
DA:11,1
DA:12,3
DA:13,1
DA:16,0
DA:19,0
DA:20,0
DA:24,0
DA:27,1
DA:28,2
LF:11
LH:7
end_of_record
SF:lib/data/models/pokemon_v2_pokemon.dart
DA:15,1
DA:24,1
DA:25,1
DA:26,1
DA:27,1
DA:28,1
DA:29,3
DA:30,1
DA:31,1
DA:32,1
DA:33,1
DA:37,1
DA:39,3
DA:41,1
DA:43,3
DA:46,0
DA:54,0
DA:55,0
DA:56,0
DA:58,0
DA:60,0
DA:61,0
DA:62,0
DA:66,0
DA:69,1
DA:71,1
DA:72,1
DA:73,1
DA:74,1
DA:75,1
DA:76,1
DA:77,1
LF:32
LH:23
end_of_record
SF:lib/data/models/pokemon_v2_pokemonstat.dart
DA:9,1
DA:11,1
DA:12,1
DA:13,1
DA:14,1
DA:16,1
DA:17,1
DA:21,0
DA:25,0
DA:26,0
DA:27,0
DA:31,0
DA:34,1
DA:35,3
LF:14
LH:9
end_of_record
SF:lib/data/models/pokemon_v2_stat.dart
DA:6,1
DA:8,2
DA:9,1
DA:12,0
DA:15,0
DA:16,0
DA:20,0
DA:23,1
DA:24,2
LF:9
LH:5
end_of_record
