SF:lib/data/fake_repository.dart
DA:13,1
DA:16,1
DA:17,2
DA:18,1
DA:19,1
DA:20,1
DA:22,4
DA:29,1
DA:31,1
DA:34,1
DA:36,1
DA:37,1
DA:38,2
DA:39,1
DA:41,1
DA:42,2
LF:16
LH:16
end_of_record
SF:lib/domain/pokemon_entity.dart
DA:5,1
DA:25,1
DA:33,1
DA:35,1
DA:36,2
DA:38,1
DA:40,1
DA:41,1
DA:42,1
DA:43,1
DA:44,1
DA:45,1
DA:46,1
DA:47,1
DA:48,1
DA:51,0
DA:54,1
DA:64,1
DA:65,1
DA:66,1
DA:67,1
DA:68,1
DA:69,1
DA:70,1
DA:71,1
DA:72,1
DA:76,1
DA:78,9
DA:83,0
DA:93,1
DA:98,1
DA:99,4
DA:101,1
DA:104,0
DA:109,0
DA:110,0
DA:111,0
DA:112,0
DA:118,2
DA:123,1
DA:127,1
DA:128,3
DA:130,1
DA:133,1
DA:137,1
DA:138,0
DA:139,1
LF:47
LH:39
end_of_record
SF:lib/presentation/detail_screen.dart
DA:11,1
DA:18,1
DA:19,1
DA:23,2
DA:24,2
DA:28,1
DA:30,2
DA:31,0
DA:33,5
DA:35,1
DA:38,1
DA:40,2
DA:42,1
DA:44,1
DA:45,1
DA:46,1
DA:48,2
DA:50,2
DA:52,1
DA:53,3
DA:55,1
DA:56,1
DA:58,1
DA:61,1
DA:62,1
DA:64,1
DA:66,2
DA:71,1
DA:80,1
DA:81,1
DA:83,1
DA:84,2
DA:85,3
DA:86,1
DA:88,3
DA:90,1
DA:97,1
DA:98,1
DA:99,1
DA:100,1
DA:101,1
DA:102,1
DA:109,1
DA:111,2
DA:112,1
DA:117,1
DA:121,1
DA:126,1
DA:128,3
DA:130,1
DA:133,2
DA:134,1
DA:136,1
DA:138,4
DA:144,4
DA:150,1
DA:154,1
DA:159,1
DA:161,1
DA:162,1
DA:163,1
DA:164,1
DA:165,1
DA:166,1
DA:168,1
DA:171,1
DA:174,1
DA:175,1
DA:176,2
DA:177,3
DA:183,1
DA:184,2
DA:185,2
DA:188,1
DA:189,3
DA:190,2
DA:196,1
DA:197,1
DA:199,1
DA:200,2
DA:201,1
DA:202,2
DA:217,1
DA:220,1
DA:222,1
DA:226,1
DA:228,1
DA:229,3
DA:230,3
DA:231,3
DA:237,1
DA:238,2
DA:240,1
DA:242,1
DA:245,1
DA:246,1
DA:248,1
DA:251,3
LF:98
LH:97
end_of_record
SF:lib/presentation/data_controller.dart
DA:7,2
DA:19,1
DA:20,1
DA:22,1
DA:23,1
DA:25,1
DA:26,1
DA:28,1
DA:34,1
DA:35,1
DA:36,1
DA:37,0
DA:38,0
DA:42,1
DA:43,5
DA:45,0
DA:50,1
DA:53,3
DA:55,1
DA:56,2
DA:58,1
DA:60,1
DA:63,2
DA:67,2
DA:71,1
DA:73,1
DA:76,1
DA:77,1
DA:79,5
DA:85,1
DA:87,2
DA:91,1
DA:93,3
DA:96,4
DA:98,1
DA:99,4
DA:100,1
DA:101,4
DA:102,1
DA:104,1
DA:105,2
DA:108,3
DA:110,1
DA:116,1
DA:118,4
DA:121,1
DA:126,1
DA:128,2
DA:132,1
DA:134,3
DA:136,2
DA:138,1
DA:139,4
DA:140,5
DA:144,1
DA:145,3
DA:147,3
DA:152,1
DA:155,1
DA:159,1
DA:160,3
DA:163,3
DA:165,1
DA:166,0
DA:167,1
DA:168,3
DA:169,2
DA:174,1
DA:175,3
DA:176,5
DA:177,1
LF:71
LH:67
end_of_record
SF:lib/presentation/home_screen.dart
DA:8,1
DA:10,1
DA:11,1
DA:15,1
DA:17,1
DA:18,1
DA:20,2
DA:22,1
DA:24,2
DA:25,1
DA:26,1
DA:27,1
DA:32,1
DA:33,1
DA:35,1
DA:36,1
DA:37,1
DA:39,1
DA:41,1
DA:43,2
DA:56,1
DA:57,2
DA:65,1
DA:67,1
DA:71,1
DA:72,1
DA:73,1
DA:74,1
DA:76,1
DA:77,1
DA:79,1
DA:80,2
LF:32
LH:32
end_of_record
SF:lib/main.dart
DA:13,0
DA:15,0
DA:16,0
DA:18,0
DA:22,1
DA:31,1
DA:32,1
DA:36,1
DA:37,3
DA:38,1
DA:39,3
DA:41,1
DA:43,2
DA:44,2
DA:46,1
DA:49,1
DA:51,1
DA:53,1
DA:54,2
DA:56,1
DA:58,1
DA:59,1
DA:61,1
DA:63,1
DA:65,1
DA:66,1
DA:69,1
DA:71,1
DA:72,1
DA:73,1
DA:74,1
DA:75,2
DA:80,1
DA:81,1
DA:82,1
DA:83,1
DA:84,1
DA:85,1
DA:86,2
DA:97,1
DA:98,1
DA:99,1
DA:100,3
DA:102,2
DA:103,2
DA:105,2
DA:106,1
DA:107,4
DA:108,5
DA:109,5
DA:110,5
DA:114,2
DA:117,1
DA:119,2
DA:120,2
DA:121,1
LF:56
LH:52
end_of_record
SF:lib/data/models/cache_pokemon_model.dart
DA:16,0
DA:28,0
DA:39,0
DA:40,0
DA:41,0
DA:42,0
DA:43,0
DA:44,0
DA:45,0
DA:46,0
DA:47,0
DA:48,0
DA:52,0
DA:53,0
DA:54,0
DA:55,0
DA:56,0
DA:57,0
DA:58,0
DA:59,0
DA:60,0
DA:61,0
DA:62,0
DA:66,0
DA:67,0
DA:68,0
DA:69,0
DA:70,0
DA:71,0
DA:72,0
DA:73,0
DA:74,0
DA:75,0
DA:76,0
DA:80,0
DA:82,0
DA:85,0
DA:86,0
DA:87,0
DA:88,0
DA:89,0
DA:90,0
DA:91,0
DA:92,0
DA:93,0
DA:94,0
DA:99,0
DA:107,0
DA:111,0
DA:112,0
DA:113,0
DA:117,0
DA:118,0
DA:119,0
DA:120,0
DA:124,0
DA:125,0
DA:126,0
DA:127,0
DA:131,0
DA:133,0
DA:135,0
DA:136,0
DA:138,0
DA:139,0
LF:65
LH:0
end_of_record
SF:lib/data/models/pokemon_model.dart
DA:8,0
DA:10,0
DA:11,0
DA:12,0
DA:13,0
DA:16,0
DA:19,0
DA:20,0
DA:24,0
DA:27,0
DA:28,0
LF:11
LH:0
end_of_record
SF:lib/data/data_sources/graphql_data_source.dart
DA:17,0
DA:19,0
DA:22,0
DA:25,0
DA:27,0
DA:28,0
DA:30,0
DA:31,0
DA:32,0
DA:35,0
DA:38,0
DA:43,0
DA:45,0
DA:46,0
DA:47,0
DA:51,0
DA:52,0
DA:56,0
DA:58,0
DA:59,0
DA:60,0
DA:63,0
DA:66,0
DA:67,0
DA:71,0
DA:72,0
DA:75,0
DA:81,0
DA:84,0
DA:86,0
DA:89,0
DA:92,0
DA:94,0
DA:99,0
LF:34
LH:0
end_of_record
SF:lib/data/data_sources/local_dart_source.dart
DA:8,0
DA:10,0
DA:12,0
DA:15,0
DA:17,0
DA:20,0
DA:23,0
DA:25,0
DA:27,0
DA:29,0
DA:30,0
DA:31,0
DA:33,0
DA:36,0
LF:14
LH:0
end_of_record
SF:lib/data/data_sources/restful_api_data_source.dart
DA:22,0
DA:24,0
DA:27,0
DA:29,0
DA:32,0
DA:33,0
DA:34,0
DA:37,0
DA:40,0
DA:45,0
DA:46,0
DA:49,0
DA:51,0
DA:55,0
DA:57,0
DA:59,0
DA:61,0
DA:62,0
DA:65,0
DA:67,0
DA:68,0
DA:69,0
DA:71,0
DA:75,0
DA:79,0
DA:80,0
DA:83,0
DA:86,0
DA:87,0
LF:29
LH:0
end_of_record
SF:lib/data/data_sources/dio_helper.dart
DA:8,0
DA:9,0
DA:14,0
DA:19,0
DA:24,0
DA:26,0
DA:27,0
DA:28,0
DA:32,0
DA:37,0
DA:39,0
DA:40,0
DA:41,0
LF:13
LH:0
end_of_record
SF:lib/data/models/pokemon_v2_pokemon.dart
DA:17,0
DA:27,0
DA:28,0
DA:29,0
DA:30,0
DA:31,0
DA:32,0
DA:33,0
DA:34,0
DA:35,0
DA:36,0
DA:37,0
DA:38,0
DA:39,0
DA:43,0
DA:44,0
DA:45,0
DA:46,0
DA:47,0
DA:48,0
DA:49,0
DA:50,0
DA:51,0
DA:52,0
DA:54,0
DA:55,0
DA:56,0
DA:57,0
DA:61,0
DA:63,0
DA:65,0
DA:67,0
DA:70,0
DA:79,0
DA:80,0
DA:81,0
DA:83,0
DA:84,0
DA:85,0
DA:86,0
DA:90,0
DA:93,0
DA:95,0
DA:96,0
DA:97,0
DA:98,0
DA:99,0
DA:100,0
DA:101,0
DA:102,0
LF:50
LH:0
end_of_record
SF:lib/data/models/pokemon_type.dart
DA:6,0
DA:8,0
DA:9,0
DA:12,0
DA:13,0
DA:16,0
DA:19,0
DA:20,0
DA:24,0
DA:27,0
DA:28,0
DA:34,0
DA:36,0
DA:37,0
DA:38,0
DA:40,0
DA:41,0
DA:45,0
DA:46,0
DA:47,0
DA:49,0
DA:53,0
DA:54,0
DA:57,0
DA:60,0
DA:61,0
DA:65,0
DA:68,0
DA:69,0
LF:29
LH:0
end_of_record
SF:lib/data/models/pokemon_v2_pokemonstat.dart
DA:9,0
DA:11,0
DA:12,0
DA:13,0
DA:14,0
DA:16,0
DA:17,0
DA:21,0
DA:22,0
DA:23,0
DA:24,0
DA:26,0
DA:30,0
DA:34,0
DA:35,0
DA:36,0
DA:40,0
DA:43,0
DA:44,0
LF:19
LH:0
end_of_record
SF:lib/data/models/pokemon_v2_stat.dart
DA:6,0
DA:8,0
DA:9,0
DA:12,0
DA:15,0
DA:16,0
DA:20,0
DA:23,0
DA:24,0
LF:9
LH:0
end_of_record
SF:lib/data/repository_impl.dart
DA:6,0
DA:11,0
DA:15,0
DA:17,0
DA:20,0
DA:22,0
DA:24,0
DA:27,0
DA:31,0
DA:33,0
LF:10
LH:0
end_of_record
SF:lib/domain/entity_mapper.dart
DA:11,0
DA:12,0
DA:22,0
DA:24,0
DA:26,0
DA:28,0
DA:29,0
DA:30,0
DA:31,0
DA:33,0
DA:34,0
DA:35,0
DA:36,0
DA:38,0
DA:39,0
DA:40,0
DA:41,0
DA:43,0
DA:44,0
DA:45,0
DA:46,0
DA:47,0
DA:48,0
DA:55,0
DA:57,0
DA:58,0
DA:59,0
DA:60,0
DA:61,0
DA:62,0
DA:63,0
DA:64,0
DA:65,0
DA:66,0
DA:70,0
DA:71,0
DA:72,0
DA:73,0
DA:74,0
DA:76,0
DA:77,0
DA:78,0
DA:79,0
DA:80,0
DA:82,0
DA:83,0
DA:84,0
DA:85,0
DA:89,0
DA:92,0
DA:96,0
DA:97,0
DA:98,0
DA:102,0
DA:103,0
DA:107,0
DA:108,0
LF:57
LH:0
end_of_record
SF:lib/util.dart/extensions.dart
DA:11,1
DA:12,1
DA:14,1
DA:15,1
DA:16,1
DA:17,1
DA:20,1
DA:25,0
DA:26,0
DA:28,0
DA:29,0
DA:30,0
DA:31,0
DA:32,0
DA:37,0
DA:38,0
DA:39,0
DA:40,0
DA:41,0
DA:45,4
DA:49,0
DA:51,0
DA:52,0
DA:53,0
DA:54,0
DA:56,0
DA:60,1
DA:61,1
DA:64,1
DA:65,1
DA:67,1
DA:68,1
LF:32
LH:14
end_of_record
SF:lib/presentation/data_provider.dart
DA:7,1
DA:15,1
DA:17,1
DA:19,1
DA:21,2
DA:24,0
DA:26,0
LF:7
LH:5
end_of_record
SF:lib/presentation/widgets/animatable_parent.dart
DA:5,1
DA:25,1
DA:26,1
DA:32,1
DA:34,1
DA:36,1
DA:39,1
DA:40,2
DA:41,3
DA:42,1
DA:43,3
DA:45,5
DA:47,2
DA:48,1
DA:49,2
DA:50,2
DA:58,1
DA:60,2
DA:62,2
DA:64,2
DA:65,1
DA:66,1
DA:69,2
DA:70,1
DA:72,2
DA:74,1
DA:76,1
DA:79,2
DA:80,1
DA:84,2
LF:30
LH:30
end_of_record
SF:lib/presentation/widgets/card_pokemon.dart
DA:13,1
DA:17,1
DA:23,1
DA:25,2
DA:27,1
DA:28,1
DA:30,1
DA:31,1
DA:32,2
DA:33,1
DA:34,1
DA:37,1
DA:40,1
DA:42,1
DA:43,1
DA:44,2
DA:45,1
DA:46,2
DA:47,1
DA:48,2
DA:54,1
DA:57,1
DA:60,1
DA:61,5
DA:62,1
DA:63,2
DA:64,2
DA:69,1
DA:70,2
DA:71,1
DA:84,1
DA:93,1
DA:95,1
DA:96,1
DA:97,1
DA:98,1
DA:99,1
DA:100,1
DA:102,1
DA:103,1
DA:110,1
DA:113,1
DA:114,1
DA:132,1
DA:140,1
DA:142,1
DA:145,1
DA:146,1
DA:147,1
DA:148,1
DA:149,1
DA:150,1
DA:157,2
DA:163,1
DA:167,1
DA:169,1
DA:170,1
DA:171,1
LF:58
LH:58
end_of_record
SF:lib/presentation/widgets/shimmer_widget.dart
DA:5,1
DA:9,1
DA:11,1
DA:12,1
DA:13,1
DA:14,1
LF:6
LH:6
end_of_record
SF:lib/presentation/widgets/info_widget.dart
DA:8,1
DA:19,1
DA:21,2
DA:24,1
DA:26,1
DA:30,1
DA:32,1
DA:34,1
DA:37,1
DA:38,1
DA:42,1
DA:43,1
DA:49,3
DA:51,1
DA:52,1
DA:54,1
DA:56,1
DA:57,1
DA:58,2
DA:61,1
DA:63,1
LF:21
LH:21
end_of_record
SF:lib/presentation/widgets/item_stat.dart
DA:10,1
DA:19,1
DA:21,2
DA:23,1
DA:26,1
DA:27,1
DA:29,1
DA:31,1
DA:32,1
DA:33,1
DA:34,2
DA:35,1
DA:36,1
DA:37,1
DA:38,1
DA:39,3
DA:40,1
DA:41,1
DA:47,1
DA:49,1
DA:50,4
DA:52,1
DA:54,3
DA:55,0
DA:64,1
DA:65,3
DA:66,1
DA:67,3
DA:68,1
DA:70,1
LF:30
LH:29
end_of_record
SF:lib/presentation/widgets/pokemon_gridview.dart
DA:10,0
DA:21,1
DA:28,1
DA:39,1
DA:40,1
DA:48,1
DA:51,1
DA:53,1
DA:54,1
DA:55,1
DA:57,1
DA:58,2
DA:60,2
DA:62,1
DA:63,1
DA:64,1
DA:66,0
DA:70,1
DA:71,1
DA:72,2
DA:73,2
DA:74,3
DA:75,3
DA:76,1
DA:80,1
DA:83,1
DA:84,1
DA:85,1
DA:86,1
DA:93,2
DA:95,1
DA:96,1
DA:97,1
DA:98,1
DA:99,2
DA:100,2
DA:104,2
DA:112,0
DA:113,0
DA:115,0
DA:117,0
DA:119,0
DA:120,0
DA:121,0
DA:122,0
DA:129,0
DA:130,0
DA:131,0
DA:132,0
DA:135,1
DA:137,2
DA:138,2
DA:139,1
DA:144,1
DA:146,1
DA:158,1
DA:160,0
DA:162,1
DA:164,1
DA:165,1
DA:166,1
DA:167,2
DA:169,2
DA:170,1
DA:172,2
DA:173,1
DA:174,1
DA:176,1
DA:177,3
LF:69
LH:54
end_of_record
SF:lib/util.dart/icon_util.dart
DA:2,0
DA:6,3
DA:7,3
LF:3
LH:2
end_of_record
